<?xml version="1.0" encoding="UTF-8"?>
<!-- Generated by org.testng.reporters.JUnitReportReporter -->
<testsuite hostname="Babitha" failures="0" tests="1" name="com.seleniumframework.testcases.LoginTestCRM" time="7.386" errors="0" timestamp="2022-10-15T21:58:54 IST" skipped="0">
  <testcase classname="com.seleniumframework.testcases.LoginTestCRM" name="loginApp" time="7.386"/>
  <system-out/>
</testsuite> <!-- com.seleniumframework.testcases.LoginTestCRM -->
