<?xml version="1.0" encoding="UTF-8"?>
<!-- Generated by org.testng.reporters.JUnitReportReporter -->
<testsuite hostname="Babitha" failures="0" tests="1" name="com.seleniumframework.testcases.LoginTestCRM" time="4.880" errors="0" timestamp="2022-10-15T22:13:20 IST" skipped="0">
  <testcase classname="com.seleniumframework.testcases.LoginTestCRM" name="loginApp" time="4.880"/>
</testsuite> <!-- com.seleniumframework.testcases.LoginTestCRM -->
